0 info it worked if it ends with ok
1 verbose cli [ '/usr/bin/node', '/usr/bin/npm', 'start' ]
2 info using npm@2.11.3
3 info using node@v0.12.7
4 verbose node symlink /usr/bin/node
5 verbose stack Error: Failed to parse json
5 verbose stack Unexpected token '*' at 8:6
5 verbose stack     /*"start": "node --debug ./bin/www"*/
5 verbose stack      ^
5 verbose stack     at parseError (/usr/lib/node_modules/npm/node_modules/read-package-json/read-json.js:379:11)
5 verbose stack     at parseJson (/usr/lib/node_modules/npm/node_modules/read-package-json/read-json.js:68:23)
5 verbose stack     at /usr/lib/node_modules/npm/node_modules/read-package-json/read-json.js:48:5
5 verbose stack     at evalmachine.<anonymous>:334:14
5 verbose stack     at /usr/lib/node_modules/npm/node_modules/graceful-fs/graceful-fs.js:102:5
5 verbose stack     at FSReqWrap.oncomplete (evalmachine.<anonymous>:95:15)
6 verbose cwd /home/maltor/workspace/logisticsDispoManager
7 error Linux 3.16.0-45-generic
8 error argv "/usr/bin/node" "/usr/bin/npm" "start"
9 error node v0.12.7
10 error npm  v2.11.3
11 error file /home/maltor/workspace/logisticsDispoManager/package.json
12 error code EJSONPARSE
13 error Failed to parse json
13 error Unexpected token '*' at 8:6
13 error     /*"start": "node --debug ./bin/www"*/
13 error      ^
14 error File: /home/maltor/workspace/logisticsDispoManager/package.json
15 error Failed to parse package.json data.
15 error package.json must be actual JSON, not just JavaScript.
15 error
15 error This is not a bug in npm.
15 error Tell the package author to fix their package.json file. JSON.parse
16 verbose exit [ 1, true ]
